[debug] [2018-01-26T02:34:47.844Z] ----------------------------------------------------------------------
[debug] [2018-01-26T02:34:47.845Z] Command:       /usr/local/bin/node /usr/local/bin/firebase serve
[debug] [2018-01-26T02:34:47.846Z] CLI Version:   3.17.4
[debug] [2018-01-26T02:34:47.846Z] Platform:      darwin
[debug] [2018-01-26T02:34:47.846Z] Node Version:  v8.9.4
[debug] [2018-01-26T02:34:47.846Z] Time:          Thu Jan 25 2018 20:34:47 GMT-0600 (CST)
[debug] [2018-01-26T02:34:47.846Z] ----------------------------------------------------------------------
[debug] 
[debug] [2018-01-26T02:34:47.857Z] > command requires scopes: ["email","openid","https://www.googleapis.com/auth/cloudplatformprojects.readonly","https://www.googleapis.com/auth/firebase","https://www.googleapis.com/auth/cloud-platform"]
[debug] [2018-01-26T02:34:47.857Z] > authorizing via signed-in user
[debug] [2018-01-26T02:34:47.859Z] > refreshing access token with scopes: ["email","https://www.googleapis.com/auth/cloud-platform","https://www.googleapis.com/auth/cloudplatformprojects.readonly","https://www.googleapis.com/auth/firebase","openid"]
[debug] [2018-01-26T02:34:47.859Z] >>> HTTP REQUEST POST https://www.googleapis.com/oauth2/v3/token  
 { refresh_token: '1/-4NKXdukFQFNQq4r9txGz_tCrmB-UzBenGmVtd3AoQY',
  client_id: '563584335869-fgrhgmd47bqnekij5i8b5pr03ho849e6.apps.googleusercontent.com',
  client_secret: 'j9iVZfS8kkCEFUPaAeJV0sAi',
  grant_type: 'refresh_token',
  scope: 'email https://www.googleapis.com/auth/cloud-platform https://www.googleapis.com/auth/cloudplatformprojects.readonly https://www.googleapis.com/auth/firebase openid' } 
 Thu Jan 25 2018 20:34:47 GMT-0600 (CST)
[debug] [2018-01-26T02:34:47.968Z] <<< HTTP RESPONSE 200
[debug] [2018-01-26T02:34:47.982Z] >>> HTTP REQUEST GET https://admin.firebase.com/v1/projects/gatherdevelopmentserver  
  
 Thu Jan 25 2018 20:34:47 GMT-0600 (CST)
[debug] [2018-01-26T02:34:48.219Z] <<< HTTP RESPONSE 200
[debug] [2018-01-26T02:34:48.220Z] >>> HTTP REQUEST GET https://admin.firebase.com/v1/database/gatherdevelopmentserver/tokens  
  
 Thu Jan 25 2018 20:34:48 GMT-0600 (CST)
[debug] [2018-01-26T02:34:48.632Z] <<< HTTP RESPONSE 200
[info] 
[info] === Serving from '/Users/linettepan-old/Documents/GitHub/CsvFirebase'...
[info] 
[debug] [2018-01-26T02:34:48.635Z] >>> HTTP REQUEST GET https://cloudresourcemanager.googleapis.com/v1/projects/gatherdevelopmentserver  
  
 Thu Jan 25 2018 20:34:48 GMT-0600 (CST)
[debug] [2018-01-26T02:34:48.789Z] <<< HTTP RESPONSE 200
[debug] [2018-01-26T02:34:48.789Z] >>> HTTP REQUEST GET https://mobilesdk-pa.googleapis.com/v1/projects/352901141883/clients/_:getWebAppConfig  
  
 Thu Jan 25 2018 20:34:48 GMT-0600 (CST)
[debug] [2018-01-26T02:34:48.980Z] <<< HTTP RESPONSE 200
[debug] [2018-01-26T02:34:48.995Z] TypeError: Cannot read property 'public' of undefined
    at Server.<anonymous> (/usr/local/lib/node_modules/firebase-tools/lib/serve/hosting.js:34:18)
    at Object.onceWrapper (events.js:313:30)
    at emitNone (events.js:106:13)
    at Server.emit (events.js:208:7)
    at emitListeningNT (net.js:1378:10)
    at _combinedTickCallback (internal/process/next_tick.js:135:11)
    at process._tickDomainCallback (internal/process/next_tick.js:218:9)
[error] 
[error] Error: An unexpected error has occurred.
